2025-01-23 14:23:47,936 DEBUG    root            Loaded Command Group: ['gcloud', 'components']
2025-01-23 14:23:47,937 DEBUG    root            Loaded Command Group: ['gcloud', 'components', 'update']
2025-01-23 14:23:47,939 DEBUG    root            Running [gcloud.components.update] with arguments: [--quiet: "True", COMPONENT-IDS:8: "['gcloud', 'core', 'bq', 'gsutil', 'compute', 'preview', 'alpha', 'beta']"]
2025-01-23 14:23:47,940 INFO     ___FILE_ONLY___ Beginning update. This process may take several minutes.

2025-01-23 14:23:47,949 DEBUG    urllib3.connectionpool Starting new HTTPS connection (1): dl.google.com:443
2025-01-23 14:23:48,018 DEBUG    urllib3.connectionpool https://dl.google.com:443 "GET /dl/cloudsdk/channels/rapid/components-2.json HTTP/1.1" 200 227832
2025-01-23 14:23:48,032 WARNING  root            Component [compute] no longer exists.
2025-01-23 14:23:48,033 INFO     ___FILE_ONLY___ 

2025-01-23 14:23:48,033 INFO     ___FILE_ONLY___ 
Your current Google Cloud CLI version is: 507.0.0

2025-01-23 14:23:48,033 INFO     ___FILE_ONLY___ Installing components from version: 507.0.0

2025-01-23 14:23:48,033 INFO     ___FILE_ONLY___ 

2025-01-23 14:23:48,033 DEBUG    root            Chosen display Format:table[box,title="These components will be removed."](details.display_name:label=Name:align=left,version.version_string:label=Version:align=right,data.size.size(zero="",min=1048576):label=Size:align=right)
2025-01-23 14:23:48,034 DEBUG    root            Chosen display Format:table[box,title="These components will be updated."](details.display_name:label=Name:align=left,version.version_string:label=Version:align=right,data.size.size(zero="",min=1048576):label=Size:align=right)
2025-01-23 14:23:48,034 DEBUG    root            Chosen display Format:table[box,title="These components will be installed."](details.display_name:label=Name:align=left,version.version_string:label=Version:align=right,data.size.size(zero="",min=1048576):label=Size:align=right)
2025-01-23 14:23:48,048 INFO     ___FILE_ONLY___ ┌────────────────────────────────────────────────┐
2025-01-23 14:23:48,048 INFO     ___FILE_ONLY___ 

2025-01-23 14:23:48,048 INFO     ___FILE_ONLY___ │      These components will be installed.       │
2025-01-23 14:23:48,048 INFO     ___FILE_ONLY___ 

2025-01-23 14:23:48,048 INFO     ___FILE_ONLY___ ├─────────────────────────┬────────────┬─────────┤
2025-01-23 14:23:48,048 INFO     ___FILE_ONLY___ 

2025-01-23 14:23:48,048 INFO     ___FILE_ONLY___ │           Name          │  Version   │   Size  │
2025-01-23 14:23:48,048 INFO     ___FILE_ONLY___ 

2025-01-23 14:23:48,049 INFO     ___FILE_ONLY___ ├─────────────────────────┼────────────┼─────────┤
2025-01-23 14:23:48,049 INFO     ___FILE_ONLY___ 

2025-01-23 14:23:48,049 INFO     ___FILE_ONLY___ │ 
2025-01-23 14:23:48,049 INFO     ___FILE_ONLY___ gcloud Alpha Commands  
2025-01-23 14:23:48,049 INFO     ___FILE_ONLY___  
2025-01-23 14:23:48,049 INFO     ___FILE_ONLY___ │ 
2025-01-23 14:23:48,049 INFO     ___FILE_ONLY___ 2025.01.17
2025-01-23 14:23:48,049 INFO     ___FILE_ONLY___  
2025-01-23 14:23:48,049 INFO     ___FILE_ONLY___ │ 
2025-01-23 14:23:48,049 INFO     ___FILE_ONLY___ < 1 MiB
2025-01-23 14:23:48,049 INFO     ___FILE_ONLY___  
2025-01-23 14:23:48,049 INFO     ___FILE_ONLY___ │
2025-01-23 14:23:48,049 INFO     ___FILE_ONLY___ 

2025-01-23 14:23:48,049 INFO     ___FILE_ONLY___ │ 
2025-01-23 14:23:48,049 INFO     ___FILE_ONLY___ gcloud Beta Commands   
2025-01-23 14:23:48,049 INFO     ___FILE_ONLY___  
2025-01-23 14:23:48,049 INFO     ___FILE_ONLY___ │ 
2025-01-23 14:23:48,049 INFO     ___FILE_ONLY___ 2025.01.17
2025-01-23 14:23:48,050 INFO     ___FILE_ONLY___  
2025-01-23 14:23:48,050 INFO     ___FILE_ONLY___ │ 
2025-01-23 14:23:48,050 INFO     ___FILE_ONLY___ < 1 MiB
2025-01-23 14:23:48,050 INFO     ___FILE_ONLY___  
2025-01-23 14:23:48,050 INFO     ___FILE_ONLY___ │
2025-01-23 14:23:48,050 INFO     ___FILE_ONLY___ 

2025-01-23 14:23:48,050 INFO     ___FILE_ONLY___ │ 
2025-01-23 14:23:48,050 INFO     ___FILE_ONLY___ gcloud Preview Commands
2025-01-23 14:23:48,050 INFO     ___FILE_ONLY___  
2025-01-23 14:23:48,050 INFO     ___FILE_ONLY___ │ 
2025-01-23 14:23:48,050 INFO     ___FILE_ONLY___           
2025-01-23 14:23:48,050 INFO     ___FILE_ONLY___  
2025-01-23 14:23:48,050 INFO     ___FILE_ONLY___ │ 
2025-01-23 14:23:48,050 INFO     ___FILE_ONLY___ < 1 MiB
2025-01-23 14:23:48,050 INFO     ___FILE_ONLY___  
2025-01-23 14:23:48,050 INFO     ___FILE_ONLY___ │
2025-01-23 14:23:48,050 INFO     ___FILE_ONLY___ 

2025-01-23 14:23:48,050 INFO     ___FILE_ONLY___ └─────────────────────────┴────────────┴─────────┘
2025-01-23 14:23:48,051 INFO     ___FILE_ONLY___ 

2025-01-23 14:23:48,051 INFO     ___FILE_ONLY___ 

2025-01-23 14:23:48,054 DEBUG    urllib3.connectionpool Starting new HTTPS connection (1): dl.google.com:443
2025-01-23 14:23:48,123 DEBUG    urllib3.connectionpool https://dl.google.com:443 "GET /dl/cloudsdk/channels/rapid/RELEASE_NOTES HTTP/1.1" 200 1343836
2025-01-23 14:23:48,170 INFO     ___FILE_ONLY___ For the latest full release notes, please visit:
  https://cloud.google.com/sdk/release_notes


2025-01-23 14:23:48,170 INFO     ___FILE_ONLY___ Performing in place update...


2025-01-23 14:23:48,172 INFO     ___FILE_ONLY___ ╔════════════════════════════════════════════════════════════╗

2025-01-23 14:23:48,172 INFO     ___FILE_ONLY___ ╠═ Downloading: gcloud Alpha Commands                       ═╣

2025-01-23 14:23:48,173 INFO     ___FILE_ONLY___ ╚
2025-01-23 14:23:48,176 DEBUG    urllib3.connectionpool Starting new HTTPS connection (1): dl.google.com:443
2025-01-23 14:23:48,244 DEBUG    urllib3.connectionpool https://dl.google.com:443 "GET /dl/cloudsdk/channels/rapid/components/google-cloud-sdk-alpha-20250117151628.tar.gz HTTP/1.1" 200 800
2025-01-23 14:23:48,244 INFO     ___FILE_ONLY___ ════════════════════════════════════════════════════════════
2025-01-23 14:23:48,244 INFO     ___FILE_ONLY___ ╝

2025-01-23 14:23:48,247 INFO     ___FILE_ONLY___ ╔════════════════════════════════════════════════════════════╗

2025-01-23 14:23:48,247 INFO     ___FILE_ONLY___ ╠═ Downloading: gcloud Beta Commands                        ═╣

2025-01-23 14:23:48,247 INFO     ___FILE_ONLY___ ╚
2025-01-23 14:23:48,250 DEBUG    urllib3.connectionpool Starting new HTTPS connection (1): dl.google.com:443
2025-01-23 14:23:48,321 DEBUG    urllib3.connectionpool https://dl.google.com:443 "GET /dl/cloudsdk/channels/rapid/components/google-cloud-sdk-beta-20250117151628.tar.gz HTTP/1.1" 200 797
2025-01-23 14:23:48,321 INFO     ___FILE_ONLY___ ════════════════════════════════════════════════════════════
2025-01-23 14:23:48,321 INFO     ___FILE_ONLY___ ╝

2025-01-23 14:23:48,323 INFO     ___FILE_ONLY___ ╔════════════════════════════════════════════════════════════╗

2025-01-23 14:23:48,323 INFO     ___FILE_ONLY___ ╠═ Downloading: gcloud Preview Commands                     ═╣

2025-01-23 14:23:48,324 INFO     ___FILE_ONLY___ ╚
2025-01-23 14:23:48,327 DEBUG    urllib3.connectionpool Starting new HTTPS connection (1): dl.google.com:443
2025-01-23 14:23:48,414 DEBUG    urllib3.connectionpool https://dl.google.com:443 "GET /dl/cloudsdk/channels/rapid/components/google-cloud-sdk-preview-20241115154308.tar.gz HTTP/1.1" 200 823
2025-01-23 14:23:48,415 INFO     ___FILE_ONLY___ ════════════════════════════════════════════════════════════
2025-01-23 14:23:48,415 INFO     ___FILE_ONLY___ ╝

2025-01-23 14:23:48,417 INFO     ___FILE_ONLY___ ╔════════════════════════════════════════════════════════════╗

2025-01-23 14:23:48,417 INFO     ___FILE_ONLY___ ╠═ Installing: gcloud Alpha Commands                        ═╣

2025-01-23 14:23:48,417 INFO     ___FILE_ONLY___ ╚
2025-01-23 14:23:48,418 INFO     ___FILE_ONLY___ ════════════════════════════════════════════════════════════
2025-01-23 14:23:48,418 INFO     ___FILE_ONLY___ ╝

2025-01-23 14:23:48,427 INFO     ___FILE_ONLY___ ╔════════════════════════════════════════════════════════════╗

2025-01-23 14:23:48,427 INFO     ___FILE_ONLY___ ╠═ Installing: gcloud Beta Commands                         ═╣

2025-01-23 14:23:48,427 INFO     ___FILE_ONLY___ ╚
2025-01-23 14:23:48,427 INFO     ___FILE_ONLY___ ════════════════════════════════════════════════════════════
2025-01-23 14:23:48,428 INFO     ___FILE_ONLY___ ╝

2025-01-23 14:23:48,432 INFO     ___FILE_ONLY___ ╔════════════════════════════════════════════════════════════╗

2025-01-23 14:23:48,432 INFO     ___FILE_ONLY___ ╠═ Installing: gcloud Preview Commands                      ═╣

2025-01-23 14:23:48,432 INFO     ___FILE_ONLY___ ╚
2025-01-23 14:23:48,432 INFO     ___FILE_ONLY___ ════════════════════════════════════════════════════════════
2025-01-23 14:23:48,432 INFO     ___FILE_ONLY___ ╝

2025-01-23 14:23:48,437 DEBUG    root            Updating notification cache...
2025-01-23 14:23:48,438 INFO     ___FILE_ONLY___ 

2025-01-23 14:23:48,439 INFO     ___FILE_ONLY___ Performing post processing steps...
2025-01-23 14:23:48,440 DEBUG    root            Executing command: ['/tools/google-cloud-sdk/bin/gcloud', 'components', 'post-process']
2025-01-23 14:23:58,450 DEBUG    ___FILE_ONLY___ 
2025-01-23 14:23:58,450 DEBUG    ___FILE_ONLY___ 
2025-01-23 14:23:58,706 INFO     ___FILE_ONLY___ 
Update done!


2025-01-23 14:23:58,708 DEBUG    root            Chosen display Format:none
2025-01-23 14:23:58,708 INFO     root            Display format: "none"
