2025-01-23 14:23:30,305 DEBUG    root            Loaded Command Group: ['gcloud', 'components']
2025-01-23 14:23:30,309 DEBUG    root            Loaded Command Group: ['gcloud', 'components', 'update']
2025-01-23 14:23:30,311 DEBUG    root            Running [gcloud.components.update] with arguments: [--compile-python: "True", --quiet: "True", COMPONENT-IDS:6: "['core', 'gcloud-deps', 'bq', 'gcloud', 'gcloud-crc32c', 'gsutil']"]
2025-01-23 14:23:30,312 INFO     ___FILE_ONLY___ Beginning update. This process may take several minutes.

2025-01-23 14:23:30,350 DEBUG    urllib3.connectionpool Starting new HTTPS connection (1): dl.google.com:443
2025-01-23 14:23:30,424 DEBUG    urllib3.connectionpool https://dl.google.com:443 "GET /dl/cloudsdk/channels/rapid/components-2.json HTTP/1.1" 200 227832
2025-01-23 14:23:30,437 INFO     ___FILE_ONLY___ 

2025-01-23 14:23:30,437 INFO     ___FILE_ONLY___ 
Your current Google Cloud CLI version is: 507.0.0

2025-01-23 14:23:30,437 INFO     ___FILE_ONLY___ Installing components from version: 507.0.0

2025-01-23 14:23:30,437 INFO     ___FILE_ONLY___ 

2025-01-23 14:23:30,437 DEBUG    root            Chosen display Format:table[box,title="These components will be removed."](details.display_name:label=Name:align=left,version.version_string:label=Version:align=right,data.size.size(zero="",min=1048576):label=Size:align=right)
2025-01-23 14:23:30,438 DEBUG    root            Chosen display Format:table[box,title="These components will be updated."](details.display_name:label=Name:align=left,version.version_string:label=Version:align=right,data.size.size(zero="",min=1048576):label=Size:align=right)
2025-01-23 14:23:30,438 DEBUG    root            Chosen display Format:table[box,title="These components will be installed."](details.display_name:label=Name:align=left,version.version_string:label=Version:align=right,data.size.size(zero="",min=1048576):label=Size:align=right)
2025-01-23 14:23:30,476 INFO     ___FILE_ONLY___ ┌─────────────────────────────────────────────────────────────────────────────┐
2025-01-23 14:23:30,476 INFO     ___FILE_ONLY___ 

2025-01-23 14:23:30,476 INFO     ___FILE_ONLY___ │                     These components will be installed.                     │
2025-01-23 14:23:30,476 INFO     ___FILE_ONLY___ 

2025-01-23 14:23:30,476 INFO     ___FILE_ONLY___ ├─────────────────────────────────────────────────────┬────────────┬──────────┤
2025-01-23 14:23:30,476 INFO     ___FILE_ONLY___ 

2025-01-23 14:23:30,476 INFO     ___FILE_ONLY___ │                         Name                        │  Version   │   Size   │
2025-01-23 14:23:30,476 INFO     ___FILE_ONLY___ 

2025-01-23 14:23:30,476 INFO     ___FILE_ONLY___ ├─────────────────────────────────────────────────────┼────────────┼──────────┤
2025-01-23 14:23:30,476 INFO     ___FILE_ONLY___ 

2025-01-23 14:23:30,476 INFO     ___FILE_ONLY___ │ 
2025-01-23 14:23:30,476 INFO     ___FILE_ONLY___ BigQuery Command Line Tool                         
2025-01-23 14:23:30,476 INFO     ___FILE_ONLY___  
2025-01-23 14:23:30,476 INFO     ___FILE_ONLY___ │ 
2025-01-23 14:23:30,476 INFO     ___FILE_ONLY___     2.1.12
2025-01-23 14:23:30,476 INFO     ___FILE_ONLY___  
2025-01-23 14:23:30,477 INFO     ___FILE_ONLY___ │ 
2025-01-23 14:23:30,477 INFO     ___FILE_ONLY___  1.8 MiB
2025-01-23 14:23:30,477 INFO     ___FILE_ONLY___  
2025-01-23 14:23:30,477 INFO     ___FILE_ONLY___ │
2025-01-23 14:23:30,477 INFO     ___FILE_ONLY___ 

2025-01-23 14:23:30,477 INFO     ___FILE_ONLY___ │ 
2025-01-23 14:23:30,477 INFO     ___FILE_ONLY___ BigQuery Command Line Tool (Platform Specific)     
2025-01-23 14:23:30,477 INFO     ___FILE_ONLY___  
2025-01-23 14:23:30,477 INFO     ___FILE_ONLY___ │ 
2025-01-23 14:23:30,477 INFO     ___FILE_ONLY___      2.1.8
2025-01-23 14:23:30,477 INFO     ___FILE_ONLY___  
2025-01-23 14:23:30,477 INFO     ___FILE_ONLY___ │ 
2025-01-23 14:23:30,477 INFO     ___FILE_ONLY___  < 1 MiB
2025-01-23 14:23:30,477 INFO     ___FILE_ONLY___  
2025-01-23 14:23:30,477 INFO     ___FILE_ONLY___ │
2025-01-23 14:23:30,477 INFO     ___FILE_ONLY___ 

2025-01-23 14:23:30,477 INFO     ___FILE_ONLY___ │ 
2025-01-23 14:23:30,477 INFO     ___FILE_ONLY___ Bundled Python 3.11 (Platform Specific)            
2025-01-23 14:23:30,477 INFO     ___FILE_ONLY___  
2025-01-23 14:23:30,477 INFO     ___FILE_ONLY___ │ 
2025-01-23 14:23:30,477 INFO     ___FILE_ONLY___     3.11.9
2025-01-23 14:23:30,478 INFO     ___FILE_ONLY___  
2025-01-23 14:23:30,478 INFO     ___FILE_ONLY___ │ 
2025-01-23 14:23:30,478 INFO     ___FILE_ONLY___ 74.4 MiB
2025-01-23 14:23:30,478 INFO     ___FILE_ONLY___  
2025-01-23 14:23:30,478 INFO     ___FILE_ONLY___ │
2025-01-23 14:23:30,478 INFO     ___FILE_ONLY___ 

2025-01-23 14:23:30,478 INFO     ___FILE_ONLY___ │ 
2025-01-23 14:23:30,478 INFO     ___FILE_ONLY___ Cloud Storage Command Line Tool                    
2025-01-23 14:23:30,478 INFO     ___FILE_ONLY___  
2025-01-23 14:23:30,478 INFO     ___FILE_ONLY___ │ 
2025-01-23 14:23:30,478 INFO     ___FILE_ONLY___       5.33
2025-01-23 14:23:30,478 INFO     ___FILE_ONLY___  
2025-01-23 14:23:30,478 INFO     ___FILE_ONLY___ │ 
2025-01-23 14:23:30,478 INFO     ___FILE_ONLY___ 11.8 MiB
2025-01-23 14:23:30,478 INFO     ___FILE_ONLY___  
2025-01-23 14:23:30,478 INFO     ___FILE_ONLY___ │
2025-01-23 14:23:30,478 INFO     ___FILE_ONLY___ 

2025-01-23 14:23:30,478 INFO     ___FILE_ONLY___ │ 
2025-01-23 14:23:30,478 INFO     ___FILE_ONLY___ Cloud Storage Command Line Tool (Platform Specific)
2025-01-23 14:23:30,478 INFO     ___FILE_ONLY___  
2025-01-23 14:23:30,479 INFO     ___FILE_ONLY___ │ 
2025-01-23 14:23:30,479 INFO     ___FILE_ONLY___       5.30
2025-01-23 14:23:30,479 INFO     ___FILE_ONLY___  
2025-01-23 14:23:30,479 INFO     ___FILE_ONLY___ │ 
2025-01-23 14:23:30,479 INFO     ___FILE_ONLY___  < 1 MiB
2025-01-23 14:23:30,479 INFO     ___FILE_ONLY___  
2025-01-23 14:23:30,479 INFO     ___FILE_ONLY___ │
2025-01-23 14:23:30,479 INFO     ___FILE_ONLY___ 

2025-01-23 14:23:30,479 INFO     ___FILE_ONLY___ │ 
2025-01-23 14:23:30,479 INFO     ___FILE_ONLY___ Google Cloud CLI Core Libraries (Platform Specific)
2025-01-23 14:23:30,479 INFO     ___FILE_ONLY___  
2025-01-23 14:23:30,479 INFO     ___FILE_ONLY___ │ 
2025-01-23 14:23:30,479 INFO     ___FILE_ONLY___ 2024.08.30
2025-01-23 14:23:30,479 INFO     ___FILE_ONLY___  
2025-01-23 14:23:30,479 INFO     ___FILE_ONLY___ │ 
2025-01-23 14:23:30,479 INFO     ___FILE_ONLY___  < 1 MiB
2025-01-23 14:23:30,479 INFO     ___FILE_ONLY___  
2025-01-23 14:23:30,479 INFO     ___FILE_ONLY___ │
2025-01-23 14:23:30,479 INFO     ___FILE_ONLY___ 

2025-01-23 14:23:30,479 INFO     ___FILE_ONLY___ │ 
2025-01-23 14:23:30,479 INFO     ___FILE_ONLY___ Google Cloud CRC32C Hash Tool (Platform Specific)  
2025-01-23 14:23:30,480 INFO     ___FILE_ONLY___  
2025-01-23 14:23:30,480 INFO     ___FILE_ONLY___ │ 
2025-01-23 14:23:30,480 INFO     ___FILE_ONLY___      1.0.0
2025-01-23 14:23:30,480 INFO     ___FILE_ONLY___  
2025-01-23 14:23:30,480 INFO     ___FILE_ONLY___ │ 
2025-01-23 14:23:30,480 INFO     ___FILE_ONLY___  1.4 MiB
2025-01-23 14:23:30,480 INFO     ___FILE_ONLY___  
2025-01-23 14:23:30,480 INFO     ___FILE_ONLY___ │
2025-01-23 14:23:30,480 INFO     ___FILE_ONLY___ 

2025-01-23 14:23:30,480 INFO     ___FILE_ONLY___ │ 
2025-01-23 14:23:30,480 INFO     ___FILE_ONLY___ gcloud cli dependencies (Platform Specific)        
2025-01-23 14:23:30,480 INFO     ___FILE_ONLY___  
2025-01-23 14:23:30,480 INFO     ___FILE_ONLY___ │ 
2025-01-23 14:23:30,480 INFO     ___FILE_ONLY___ 2021.04.16
2025-01-23 14:23:30,480 INFO     ___FILE_ONLY___  
2025-01-23 14:23:30,480 INFO     ___FILE_ONLY___ │ 
2025-01-23 14:23:30,480 INFO     ___FILE_ONLY___  < 1 MiB
2025-01-23 14:23:30,480 INFO     ___FILE_ONLY___  
2025-01-23 14:23:30,480 INFO     ___FILE_ONLY___ │
2025-01-23 14:23:30,480 INFO     ___FILE_ONLY___ 

2025-01-23 14:23:30,480 INFO     ___FILE_ONLY___ └─────────────────────────────────────────────────────┴────────────┴──────────┘
2025-01-23 14:23:30,481 INFO     ___FILE_ONLY___ 

2025-01-23 14:23:30,481 INFO     ___FILE_ONLY___ 

2025-01-23 14:23:30,484 DEBUG    urllib3.connectionpool Starting new HTTPS connection (1): dl.google.com:443
2025-01-23 14:23:30,555 DEBUG    urllib3.connectionpool https://dl.google.com:443 "GET /dl/cloudsdk/channels/rapid/RELEASE_NOTES HTTP/1.1" 200 1343836
2025-01-23 14:23:30,601 INFO     ___FILE_ONLY___ For the latest full release notes, please visit:
  https://cloud.google.com/sdk/release_notes


2025-01-23 14:23:30,602 INFO     ___FILE_ONLY___ Performing in place update...


2025-01-23 14:23:30,604 INFO     ___FILE_ONLY___ ╔════════════════════════════════════════════════════════════╗

2025-01-23 14:23:30,604 INFO     ___FILE_ONLY___ ╠═ Downloading: BigQuery Command Line Tool                  ═╣

2025-01-23 14:23:30,604 INFO     ___FILE_ONLY___ ╚
2025-01-23 14:23:30,607 DEBUG    urllib3.connectionpool Starting new HTTPS connection (1): dl.google.com:443
2025-01-23 14:23:30,680 DEBUG    urllib3.connectionpool https://dl.google.com:443 "GET /dl/cloudsdk/channels/rapid/components/google-cloud-sdk-bq-20250117151628.tar.gz HTTP/1.1" 200 1853621
2025-01-23 14:23:30,693 INFO     ___FILE_ONLY___ ═
2025-01-23 14:23:30,693 INFO     ___FILE_ONLY___ ═
2025-01-23 14:23:30,693 INFO     ___FILE_ONLY___ ═
2025-01-23 14:23:30,693 INFO     ___FILE_ONLY___ ═
2025-01-23 14:23:30,693 INFO     ___FILE_ONLY___ ═
2025-01-23 14:23:30,693 INFO     ___FILE_ONLY___ ═
2025-01-23 14:23:30,693 INFO     ___FILE_ONLY___ ═
2025-01-23 14:23:30,694 INFO     ___FILE_ONLY___ ═
2025-01-23 14:23:30,694 INFO     ___FILE_ONLY___ ═
2025-01-23 14:23:30,694 INFO     ___FILE_ONLY___ ═
2025-01-23 14:23:30,694 INFO     ___FILE_ONLY___ ═
2025-01-23 14:23:30,694 INFO     ___FILE_ONLY___ ═
2025-01-23 14:23:30,694 INFO     ___FILE_ONLY___ ═
2025-01-23 14:23:30,695 INFO     ___FILE_ONLY___ ═
2025-01-23 14:23:30,695 INFO     ___FILE_ONLY___ ═
2025-01-23 14:23:30,695 INFO     ___FILE_ONLY___ ═
2025-01-23 14:23:30,695 INFO     ___FILE_ONLY___ ═
2025-01-23 14:23:30,695 INFO     ___FILE_ONLY___ ═
2025-01-23 14:23:30,695 INFO     ___FILE_ONLY___ ═
2025-01-23 14:23:30,695 INFO     ___FILE_ONLY___ ═
2025-01-23 14:23:30,695 INFO     ___FILE_ONLY___ ═
2025-01-23 14:23:30,695 INFO     ___FILE_ONLY___ ═
2025-01-23 14:23:30,696 INFO     ___FILE_ONLY___ ═
2025-01-23 14:23:30,696 INFO     ___FILE_ONLY___ ═
2025-01-23 14:23:30,696 INFO     ___FILE_ONLY___ ═
2025-01-23 14:23:30,696 INFO     ___FILE_ONLY___ ═
2025-01-23 14:23:30,696 INFO     ___FILE_ONLY___ ═
2025-01-23 14:23:30,696 INFO     ___FILE_ONLY___ ═
2025-01-23 14:23:30,696 INFO     ___FILE_ONLY___ ═
2025-01-23 14:23:30,696 INFO     ___FILE_ONLY___ ═
2025-01-23 14:23:30,696 INFO     ___FILE_ONLY___ ═
2025-01-23 14:23:30,696 INFO     ___FILE_ONLY___ ═
2025-01-23 14:23:30,696 INFO     ___FILE_ONLY___ ═
2025-01-23 14:23:30,697 INFO     ___FILE_ONLY___ ═
2025-01-23 14:23:30,697 INFO     ___FILE_ONLY___ ═
2025-01-23 14:23:30,697 INFO     ___FILE_ONLY___ ═
2025-01-23 14:23:30,697 INFO     ___FILE_ONLY___ ═
2025-01-23 14:23:30,697 INFO     ___FILE_ONLY___ ═
2025-01-23 14:23:30,697 INFO     ___FILE_ONLY___ ═
2025-01-23 14:23:30,697 INFO     ___FILE_ONLY___ ═
2025-01-23 14:23:30,697 INFO     ___FILE_ONLY___ ═
2025-01-23 14:23:30,697 INFO     ___FILE_ONLY___ ═
2025-01-23 14:23:30,697 INFO     ___FILE_ONLY___ ═
2025-01-23 14:23:30,697 INFO     ___FILE_ONLY___ ═
2025-01-23 14:23:30,698 INFO     ___FILE_ONLY___ ═
2025-01-23 14:23:30,698 INFO     ___FILE_ONLY___ ═
2025-01-23 14:23:30,698 INFO     ___FILE_ONLY___ ═
2025-01-23 14:23:30,698 INFO     ___FILE_ONLY___ ═
2025-01-23 14:23:30,698 INFO     ___FILE_ONLY___ ═
2025-01-23 14:23:30,698 INFO     ___FILE_ONLY___ ═
2025-01-23 14:23:30,698 INFO     ___FILE_ONLY___ ═
2025-01-23 14:23:30,698 INFO     ___FILE_ONLY___ ═
2025-01-23 14:23:30,699 INFO     ___FILE_ONLY___ ═
2025-01-23 14:23:30,699 INFO     ___FILE_ONLY___ ═
2025-01-23 14:23:30,699 INFO     ___FILE_ONLY___ ═
2025-01-23 14:23:30,699 INFO     ___FILE_ONLY___ ═
2025-01-23 14:23:30,699 INFO     ___FILE_ONLY___ ═
2025-01-23 14:23:30,699 INFO     ___FILE_ONLY___ ═
2025-01-23 14:23:30,699 INFO     ___FILE_ONLY___ ═
2025-01-23 14:23:30,699 INFO     ___FILE_ONLY___ ═
2025-01-23 14:23:30,699 INFO     ___FILE_ONLY___ ╝

2025-01-23 14:23:30,701 INFO     ___FILE_ONLY___ ╔════════════════════════════════════════════════════════════╗

2025-01-23 14:23:30,701 INFO     ___FILE_ONLY___ ╠═ Downloading: BigQuery Command Line Tool (Platform Spe... ═╣

2025-01-23 14:23:30,702 INFO     ___FILE_ONLY___ ╚
2025-01-23 14:23:30,708 DEBUG    urllib3.connectionpool Starting new HTTPS connection (1): dl.google.com:443
2025-01-23 14:23:30,804 DEBUG    urllib3.connectionpool https://dl.google.com:443 "GET /dl/cloudsdk/channels/rapid/components/google-cloud-sdk-bq-nix-20240830134514.tar.gz HTTP/1.1" 200 1914
2025-01-23 14:23:30,805 INFO     ___FILE_ONLY___ ════════════════════════════════════════════════════════════
2025-01-23 14:23:30,805 INFO     ___FILE_ONLY___ ╝

2025-01-23 14:23:30,807 INFO     ___FILE_ONLY___ ╔════════════════════════════════════════════════════════════╗

2025-01-23 14:23:30,807 INFO     ___FILE_ONLY___ ╠═ Downloading: Bundled Python 3.11                         ═╣

2025-01-23 14:23:30,807 INFO     ___FILE_ONLY___ ╚
2025-01-23 14:23:30,807 INFO     ___FILE_ONLY___ ════════════════════════════════════════════════════════════
2025-01-23 14:23:30,807 INFO     ___FILE_ONLY___ ╝

2025-01-23 14:23:30,809 INFO     ___FILE_ONLY___ ╔════════════════════════════════════════════════════════════╗

2025-01-23 14:23:30,809 INFO     ___FILE_ONLY___ ╠═ Downloading: Bundled Python 3.11 (Platform Specific)     ═╣

2025-01-23 14:23:30,809 INFO     ___FILE_ONLY___ ╚
2025-01-23 14:23:30,812 DEBUG    urllib3.connectionpool Starting new HTTPS connection (1): dl.google.com:443
2025-01-23 14:23:30,884 DEBUG    urllib3.connectionpool https://dl.google.com:443 "GET /dl/cloudsdk/channels/rapid/components/google-cloud-sdk-bundled-python3-unix-linux-x86_64-20240920144119.tar.gz HTTP/1.1" 200 78001783
2025-01-23 14:23:31,134 INFO     ___FILE_ONLY___ ═
2025-01-23 14:23:31,136 INFO     ___FILE_ONLY___ ═
2025-01-23 14:23:31,138 INFO     ___FILE_ONLY___ ═
2025-01-23 14:23:31,139 INFO     ___FILE_ONLY___ ═
2025-01-23 14:23:31,141 INFO     ___FILE_ONLY___ ═
2025-01-23 14:23:31,142 INFO     ___FILE_ONLY___ ═
2025-01-23 14:23:31,144 INFO     ___FILE_ONLY___ ═
2025-01-23 14:23:31,146 INFO     ___FILE_ONLY___ ═
2025-01-23 14:23:31,147 INFO     ___FILE_ONLY___ ═
2025-01-23 14:23:31,149 INFO     ___FILE_ONLY___ ═
2025-01-23 14:23:31,150 INFO     ___FILE_ONLY___ ═
2025-01-23 14:23:31,152 INFO     ___FILE_ONLY___ ═
2025-01-23 14:23:31,153 INFO     ___FILE_ONLY___ ═
2025-01-23 14:23:31,155 INFO     ___FILE_ONLY___ ═
2025-01-23 14:23:31,157 INFO     ___FILE_ONLY___ ═
2025-01-23 14:23:31,158 INFO     ___FILE_ONLY___ ═
2025-01-23 14:23:31,160 INFO     ___FILE_ONLY___ ═
2025-01-23 14:23:31,161 INFO     ___FILE_ONLY___ ═
2025-01-23 14:23:31,163 INFO     ___FILE_ONLY___ ═
2025-01-23 14:23:31,164 INFO     ___FILE_ONLY___ ═
2025-01-23 14:23:31,166 INFO     ___FILE_ONLY___ ═
2025-01-23 14:23:31,168 INFO     ___FILE_ONLY___ ═
2025-01-23 14:23:31,169 INFO     ___FILE_ONLY___ ═
2025-01-23 14:23:31,171 INFO     ___FILE_ONLY___ ═
2025-01-23 14:23:31,173 INFO     ___FILE_ONLY___ ═
2025-01-23 14:23:31,174 INFO     ___FILE_ONLY___ ═
2025-01-23 14:23:31,176 INFO     ___FILE_ONLY___ ═
2025-01-23 14:23:31,177 INFO     ___FILE_ONLY___ ═
2025-01-23 14:23:31,179 INFO     ___FILE_ONLY___ ═
2025-01-23 14:23:31,181 INFO     ___FILE_ONLY___ ═
2025-01-23 14:23:31,182 INFO     ___FILE_ONLY___ ═
2025-01-23 14:23:31,184 INFO     ___FILE_ONLY___ ═
2025-01-23 14:23:31,185 INFO     ___FILE_ONLY___ ═
2025-01-23 14:23:31,187 INFO     ___FILE_ONLY___ ═
2025-01-23 14:23:31,188 INFO     ___FILE_ONLY___ ═
2025-01-23 14:23:31,190 INFO     ___FILE_ONLY___ ═
2025-01-23 14:23:31,192 INFO     ___FILE_ONLY___ ═
2025-01-23 14:23:31,193 INFO     ___FILE_ONLY___ ═
2025-01-23 14:23:31,195 INFO     ___FILE_ONLY___ ═
2025-01-23 14:23:31,196 INFO     ___FILE_ONLY___ ═
2025-01-23 14:23:31,198 INFO     ___FILE_ONLY___ ═
2025-01-23 14:23:31,199 INFO     ___FILE_ONLY___ ═
2025-01-23 14:23:31,201 INFO     ___FILE_ONLY___ ═
2025-01-23 14:23:31,203 INFO     ___FILE_ONLY___ ═
2025-01-23 14:23:31,204 INFO     ___FILE_ONLY___ ═
2025-01-23 14:23:31,206 INFO     ___FILE_ONLY___ ═
2025-01-23 14:23:31,207 INFO     ___FILE_ONLY___ ═
2025-01-23 14:23:31,209 INFO     ___FILE_ONLY___ ═
2025-01-23 14:23:31,211 INFO     ___FILE_ONLY___ ═
2025-01-23 14:23:31,212 INFO     ___FILE_ONLY___ ═
2025-01-23 14:23:31,214 INFO     ___FILE_ONLY___ ═
2025-01-23 14:23:31,216 INFO     ___FILE_ONLY___ ═
2025-01-23 14:23:31,217 INFO     ___FILE_ONLY___ ═
2025-01-23 14:23:31,219 INFO     ___FILE_ONLY___ ═
2025-01-23 14:23:31,220 INFO     ___FILE_ONLY___ ═
2025-01-23 14:23:31,222 INFO     ___FILE_ONLY___ ═
2025-01-23 14:23:31,224 INFO     ___FILE_ONLY___ ═
2025-01-23 14:23:31,225 INFO     ___FILE_ONLY___ ═
2025-01-23 14:23:31,227 INFO     ___FILE_ONLY___ ═
2025-01-23 14:23:31,229 INFO     ___FILE_ONLY___ ═
2025-01-23 14:23:31,229 INFO     ___FILE_ONLY___ ╝

2025-01-23 14:23:31,231 INFO     ___FILE_ONLY___ ╔════════════════════════════════════════════════════════════╗

2025-01-23 14:23:31,231 INFO     ___FILE_ONLY___ ╠═ Downloading: Cloud Storage Command Line Tool             ═╣

2025-01-23 14:23:31,231 INFO     ___FILE_ONLY___ ╚
2025-01-23 14:23:31,234 DEBUG    urllib3.connectionpool Starting new HTTPS connection (1): dl.google.com:443
2025-01-23 14:23:31,303 DEBUG    urllib3.connectionpool https://dl.google.com:443 "GET /dl/cloudsdk/channels/rapid/components/google-cloud-sdk-gsutil-20241213184646.tar.gz HTTP/1.1" 200 12368759
2025-01-23 14:23:31,340 INFO     ___FILE_ONLY___ ═
2025-01-23 14:23:31,340 INFO     ___FILE_ONLY___ ═
2025-01-23 14:23:31,341 INFO     ___FILE_ONLY___ ═
2025-01-23 14:23:31,341 INFO     ___FILE_ONLY___ ═
2025-01-23 14:23:31,341 INFO     ___FILE_ONLY___ ═
2025-01-23 14:23:31,342 INFO     ___FILE_ONLY___ ═
2025-01-23 14:23:31,342 INFO     ___FILE_ONLY___ ═
2025-01-23 14:23:31,342 INFO     ___FILE_ONLY___ ═
2025-01-23 14:23:31,343 INFO     ___FILE_ONLY___ ═
2025-01-23 14:23:31,343 INFO     ___FILE_ONLY___ ═
2025-01-23 14:23:31,343 INFO     ___FILE_ONLY___ ═
2025-01-23 14:23:31,344 INFO     ___FILE_ONLY___ ═
2025-01-23 14:23:31,344 INFO     ___FILE_ONLY___ ═
2025-01-23 14:23:31,344 INFO     ___FILE_ONLY___ ═
2025-01-23 14:23:31,344 INFO     ___FILE_ONLY___ ═
2025-01-23 14:23:31,345 INFO     ___FILE_ONLY___ ═
2025-01-23 14:23:31,345 INFO     ___FILE_ONLY___ ═
2025-01-23 14:23:31,345 INFO     ___FILE_ONLY___ ═
2025-01-23 14:23:31,346 INFO     ___FILE_ONLY___ ═
2025-01-23 14:23:31,346 INFO     ___FILE_ONLY___ ═
2025-01-23 14:23:31,346 INFO     ___FILE_ONLY___ ═
2025-01-23 14:23:31,347 INFO     ___FILE_ONLY___ ═
2025-01-23 14:23:31,347 INFO     ___FILE_ONLY___ ═
2025-01-23 14:23:31,347 INFO     ___FILE_ONLY___ ═
2025-01-23 14:23:31,348 INFO     ___FILE_ONLY___ ═
2025-01-23 14:23:31,348 INFO     ___FILE_ONLY___ ═
2025-01-23 14:23:31,348 INFO     ___FILE_ONLY___ ═
2025-01-23 14:23:31,349 INFO     ___FILE_ONLY___ ═
2025-01-23 14:23:31,349 INFO     ___FILE_ONLY___ ═
2025-01-23 14:23:31,349 INFO     ___FILE_ONLY___ ═
2025-01-23 14:23:31,349 INFO     ___FILE_ONLY___ ═
2025-01-23 14:23:31,350 INFO     ___FILE_ONLY___ ═
2025-01-23 14:23:31,350 INFO     ___FILE_ONLY___ ═
2025-01-23 14:23:31,350 INFO     ___FILE_ONLY___ ═
2025-01-23 14:23:31,351 INFO     ___FILE_ONLY___ ═
2025-01-23 14:23:31,351 INFO     ___FILE_ONLY___ ═
2025-01-23 14:23:31,351 INFO     ___FILE_ONLY___ ═
2025-01-23 14:23:31,352 INFO     ___FILE_ONLY___ ═
2025-01-23 14:23:31,352 INFO     ___FILE_ONLY___ ═
2025-01-23 14:23:31,352 INFO     ___FILE_ONLY___ ═
2025-01-23 14:23:31,352 INFO     ___FILE_ONLY___ ═
2025-01-23 14:23:31,353 INFO     ___FILE_ONLY___ ═
2025-01-23 14:23:31,353 INFO     ___FILE_ONLY___ ═
2025-01-23 14:23:31,353 INFO     ___FILE_ONLY___ ═
2025-01-23 14:23:31,354 INFO     ___FILE_ONLY___ ═
2025-01-23 14:23:31,354 INFO     ___FILE_ONLY___ ═
2025-01-23 14:23:31,355 INFO     ___FILE_ONLY___ ═
2025-01-23 14:23:31,355 INFO     ___FILE_ONLY___ ═
2025-01-23 14:23:31,355 INFO     ___FILE_ONLY___ ═
2025-01-23 14:23:31,356 INFO     ___FILE_ONLY___ ═
2025-01-23 14:23:31,356 INFO     ___FILE_ONLY___ ═
2025-01-23 14:23:31,356 INFO     ___FILE_ONLY___ ═
2025-01-23 14:23:31,357 INFO     ___FILE_ONLY___ ═
2025-01-23 14:23:31,357 INFO     ___FILE_ONLY___ ═
2025-01-23 14:23:31,357 INFO     ___FILE_ONLY___ ═
2025-01-23 14:23:31,357 INFO     ___FILE_ONLY___ ═
2025-01-23 14:23:31,358 INFO     ___FILE_ONLY___ ═
2025-01-23 14:23:31,358 INFO     ___FILE_ONLY___ ═
2025-01-23 14:23:31,359 INFO     ___FILE_ONLY___ ═
2025-01-23 14:23:31,359 INFO     ___FILE_ONLY___ ═
2025-01-23 14:23:31,359 INFO     ___FILE_ONLY___ ╝

2025-01-23 14:23:31,361 INFO     ___FILE_ONLY___ ╔════════════════════════════════════════════════════════════╗

2025-01-23 14:23:31,362 INFO     ___FILE_ONLY___ ╠═ Downloading: Cloud Storage Command Line Tool (Platfor... ═╣

2025-01-23 14:23:31,362 INFO     ___FILE_ONLY___ ╚
2025-01-23 14:23:31,365 DEBUG    urllib3.connectionpool Starting new HTTPS connection (1): dl.google.com:443
2025-01-23 14:23:31,457 DEBUG    urllib3.connectionpool https://dl.google.com:443 "GET /dl/cloudsdk/channels/rapid/components/google-cloud-sdk-gsutil-nix-20240830134514.tar.gz HTTP/1.1" 200 1928
2025-01-23 14:23:31,458 INFO     ___FILE_ONLY___ ════════════════════════════════════════════════════════════
2025-01-23 14:23:31,458 INFO     ___FILE_ONLY___ ╝

2025-01-23 14:23:31,461 INFO     ___FILE_ONLY___ ╔════════════════════════════════════════════════════════════╗

2025-01-23 14:23:31,461 INFO     ___FILE_ONLY___ ╠═ Downloading: Default set of gcloud commands              ═╣

2025-01-23 14:23:31,461 INFO     ___FILE_ONLY___ ╚
2025-01-23 14:23:31,461 INFO     ___FILE_ONLY___ ════════════════════════════════════════════════════════════
2025-01-23 14:23:31,461 INFO     ___FILE_ONLY___ ╝

2025-01-23 14:23:31,463 INFO     ___FILE_ONLY___ ╔════════════════════════════════════════════════════════════╗

2025-01-23 14:23:31,463 INFO     ___FILE_ONLY___ ╠═ Downloading: Google Cloud CLI Core Libraries (Platfor... ═╣

2025-01-23 14:23:31,463 INFO     ___FILE_ONLY___ ╚
2025-01-23 14:23:31,466 DEBUG    urllib3.connectionpool Starting new HTTPS connection (1): dl.google.com:443
2025-01-23 14:23:31,534 DEBUG    urllib3.connectionpool https://dl.google.com:443 "GET /dl/cloudsdk/channels/rapid/components/google-cloud-sdk-core-nix-20240830134514.tar.gz HTTP/1.1" 200 2306
2025-01-23 14:23:31,534 INFO     ___FILE_ONLY___ ════════════════════════════════════════════════════════════
2025-01-23 14:23:31,535 INFO     ___FILE_ONLY___ ╝

2025-01-23 14:23:31,536 INFO     ___FILE_ONLY___ ╔════════════════════════════════════════════════════════════╗

2025-01-23 14:23:31,537 INFO     ___FILE_ONLY___ ╠═ Downloading: Google Cloud CRC32C Hash Tool               ═╣

2025-01-23 14:23:31,537 INFO     ___FILE_ONLY___ ╚
2025-01-23 14:23:31,537 INFO     ___FILE_ONLY___ ════════════════════════════════════════════════════════════
2025-01-23 14:23:31,537 INFO     ___FILE_ONLY___ ╝

2025-01-23 14:23:31,539 INFO     ___FILE_ONLY___ ╔════════════════════════════════════════════════════════════╗

2025-01-23 14:23:31,539 INFO     ___FILE_ONLY___ ╠═ Downloading: Google Cloud CRC32C Hash Tool (Platform ... ═╣

2025-01-23 14:23:31,539 INFO     ___FILE_ONLY___ ╚
2025-01-23 14:23:31,542 DEBUG    urllib3.connectionpool Starting new HTTPS connection (1): dl.google.com:443
2025-01-23 14:23:31,615 DEBUG    urllib3.connectionpool https://dl.google.com:443 "GET /dl/cloudsdk/channels/rapid/components/google-cloud-sdk-gcloud-crc32c-linux-x86_64-20250110133808.tar.gz HTTP/1.1" 200 1478989
2025-01-23 14:23:31,624 INFO     ___FILE_ONLY___ ═
2025-01-23 14:23:31,625 INFO     ___FILE_ONLY___ ═
2025-01-23 14:23:31,625 INFO     ___FILE_ONLY___ ═
2025-01-23 14:23:31,625 INFO     ___FILE_ONLY___ ═
2025-01-23 14:23:31,625 INFO     ___FILE_ONLY___ ═
2025-01-23 14:23:31,625 INFO     ___FILE_ONLY___ ═
2025-01-23 14:23:31,625 INFO     ___FILE_ONLY___ ═
2025-01-23 14:23:31,625 INFO     ___FILE_ONLY___ ═
2025-01-23 14:23:31,625 INFO     ___FILE_ONLY___ ═
2025-01-23 14:23:31,625 INFO     ___FILE_ONLY___ ═
2025-01-23 14:23:31,625 INFO     ___FILE_ONLY___ ═
2025-01-23 14:23:31,625 INFO     ___FILE_ONLY___ ═
2025-01-23 14:23:31,625 INFO     ___FILE_ONLY___ ═
2025-01-23 14:23:31,626 INFO     ___FILE_ONLY___ ═
2025-01-23 14:23:31,626 INFO     ___FILE_ONLY___ ═
2025-01-23 14:23:31,626 INFO     ___FILE_ONLY___ ═
2025-01-23 14:23:31,626 INFO     ___FILE_ONLY___ ═
2025-01-23 14:23:31,626 INFO     ___FILE_ONLY___ ═
2025-01-23 14:23:31,626 INFO     ___FILE_ONLY___ ═
2025-01-23 14:23:31,626 INFO     ___FILE_ONLY___ ═
2025-01-23 14:23:31,626 INFO     ___FILE_ONLY___ ═
2025-01-23 14:23:31,626 INFO     ___FILE_ONLY___ ═
2025-01-23 14:23:31,626 INFO     ___FILE_ONLY___ ═
2025-01-23 14:23:31,626 INFO     ___FILE_ONLY___ ═
2025-01-23 14:23:31,626 INFO     ___FILE_ONLY___ ═
2025-01-23 14:23:31,627 INFO     ___FILE_ONLY___ ═
2025-01-23 14:23:31,627 INFO     ___FILE_ONLY___ ═
2025-01-23 14:23:31,627 INFO     ___FILE_ONLY___ ═
2025-01-23 14:23:31,627 INFO     ___FILE_ONLY___ ═
2025-01-23 14:23:31,627 INFO     ___FILE_ONLY___ ═
2025-01-23 14:23:31,627 INFO     ___FILE_ONLY___ ═
2025-01-23 14:23:31,627 INFO     ___FILE_ONLY___ ═
2025-01-23 14:23:31,627 INFO     ___FILE_ONLY___ ═
2025-01-23 14:23:31,627 INFO     ___FILE_ONLY___ ═
2025-01-23 14:23:31,627 INFO     ___FILE_ONLY___ ═
2025-01-23 14:23:31,627 INFO     ___FILE_ONLY___ ═
2025-01-23 14:23:31,627 INFO     ___FILE_ONLY___ ═
2025-01-23 14:23:31,628 INFO     ___FILE_ONLY___ ═
2025-01-23 14:23:31,628 INFO     ___FILE_ONLY___ ═
2025-01-23 14:23:31,628 INFO     ___FILE_ONLY___ ═
2025-01-23 14:23:31,628 INFO     ___FILE_ONLY___ ═
2025-01-23 14:23:31,628 INFO     ___FILE_ONLY___ ═
2025-01-23 14:23:31,628 INFO     ___FILE_ONLY___ ═
2025-01-23 14:23:31,628 INFO     ___FILE_ONLY___ ═
2025-01-23 14:23:31,628 INFO     ___FILE_ONLY___ ═
2025-01-23 14:23:31,628 INFO     ___FILE_ONLY___ ═
2025-01-23 14:23:31,628 INFO     ___FILE_ONLY___ ═
2025-01-23 14:23:31,628 INFO     ___FILE_ONLY___ ═
2025-01-23 14:23:31,628 INFO     ___FILE_ONLY___ ═
2025-01-23 14:23:31,629 INFO     ___FILE_ONLY___ ═
2025-01-23 14:23:31,629 INFO     ___FILE_ONLY___ ═
2025-01-23 14:23:31,629 INFO     ___FILE_ONLY___ ═
2025-01-23 14:23:31,629 INFO     ___FILE_ONLY___ ═
2025-01-23 14:23:31,629 INFO     ___FILE_ONLY___ ═
2025-01-23 14:23:31,629 INFO     ___FILE_ONLY___ ═
2025-01-23 14:23:31,629 INFO     ___FILE_ONLY___ ═
2025-01-23 14:23:31,629 INFO     ___FILE_ONLY___ ═
2025-01-23 14:23:31,629 INFO     ___FILE_ONLY___ ═
2025-01-23 14:23:31,629 INFO     ___FILE_ONLY___ ═
2025-01-23 14:23:31,629 INFO     ___FILE_ONLY___ ═
2025-01-23 14:23:31,629 INFO     ___FILE_ONLY___ ╝

2025-01-23 14:23:31,631 INFO     ___FILE_ONLY___ ╔════════════════════════════════════════════════════════════╗

2025-01-23 14:23:31,632 INFO     ___FILE_ONLY___ ╠═ Downloading: gcloud cli dependencies (Platform Specific) ═╣

2025-01-23 14:23:31,632 INFO     ___FILE_ONLY___ ╚
2025-01-23 14:23:31,635 DEBUG    urllib3.connectionpool Starting new HTTPS connection (1): dl.google.com:443
2025-01-23 14:23:31,704 DEBUG    urllib3.connectionpool https://dl.google.com:443 "GET /dl/cloudsdk/channels/rapid/components/google-cloud-sdk-gcloud-deps-linux-x86_64-20210416153011.tar.gz HTTP/1.1" 200 104
2025-01-23 14:23:31,705 INFO     ___FILE_ONLY___ ════════════════════════════════════════════════════════════
2025-01-23 14:23:31,705 INFO     ___FILE_ONLY___ ╝

2025-01-23 14:23:31,707 INFO     ___FILE_ONLY___ ╔════════════════════════════════════════════════════════════╗

2025-01-23 14:23:31,707 INFO     ___FILE_ONLY___ ╠═ Installing: BigQuery Command Line Tool                   ═╣

2025-01-23 14:23:31,707 INFO     ___FILE_ONLY___ ╚
2025-01-23 14:23:31,806 INFO     ___FILE_ONLY___ ═
2025-01-23 14:23:31,809 INFO     ___FILE_ONLY___ ═
2025-01-23 14:23:31,812 INFO     ___FILE_ONLY___ ═
2025-01-23 14:23:31,814 INFO     ___FILE_ONLY___ ═
2025-01-23 14:23:31,817 INFO     ___FILE_ONLY___ ═
2025-01-23 14:23:31,819 INFO     ___FILE_ONLY___ ═
2025-01-23 14:23:31,821 INFO     ___FILE_ONLY___ ═
2025-01-23 14:23:31,823 INFO     ___FILE_ONLY___ ═
2025-01-23 14:23:31,826 INFO     ___FILE_ONLY___ ═
2025-01-23 14:23:31,828 INFO     ___FILE_ONLY___ ═
2025-01-23 14:23:31,830 INFO     ___FILE_ONLY___ ═
2025-01-23 14:23:31,832 INFO     ___FILE_ONLY___ ═
2025-01-23 14:23:31,834 INFO     ___FILE_ONLY___ ═
2025-01-23 14:23:31,836 INFO     ___FILE_ONLY___ ═
2025-01-23 14:23:31,839 INFO     ___FILE_ONLY___ ═
2025-01-23 14:23:31,841 INFO     ___FILE_ONLY___ ═
2025-01-23 14:23:31,843 INFO     ___FILE_ONLY___ ═
2025-01-23 14:23:31,846 INFO     ___FILE_ONLY___ ═
2025-01-23 14:23:31,848 INFO     ___FILE_ONLY___ ═
2025-01-23 14:23:31,851 INFO     ___FILE_ONLY___ ═
2025-01-23 14:23:31,853 INFO     ___FILE_ONLY___ ═
2025-01-23 14:23:31,855 INFO     ___FILE_ONLY___ ═
2025-01-23 14:23:31,857 INFO     ___FILE_ONLY___ ═
2025-01-23 14:23:31,859 INFO     ___FILE_ONLY___ ═
2025-01-23 14:23:31,861 INFO     ___FILE_ONLY___ ═
2025-01-23 14:23:31,863 INFO     ___FILE_ONLY___ ═
2025-01-23 14:23:31,865 INFO     ___FILE_ONLY___ ═
2025-01-23 14:23:31,868 INFO     ___FILE_ONLY___ ═
2025-01-23 14:23:31,871 INFO     ___FILE_ONLY___ ═
2025-01-23 14:23:31,873 INFO     ___FILE_ONLY___ ═
2025-01-23 14:23:31,875 INFO     ___FILE_ONLY___ ═
2025-01-23 14:23:31,878 INFO     ___FILE_ONLY___ ═
2025-01-23 14:23:31,881 INFO     ___FILE_ONLY___ ═
2025-01-23 14:23:31,885 INFO     ___FILE_ONLY___ ═
2025-01-23 14:23:31,894 INFO     ___FILE_ONLY___ ═
2025-01-23 14:23:31,896 INFO     ___FILE_ONLY___ ═
2025-01-23 14:23:31,898 INFO     ___FILE_ONLY___ ═
2025-01-23 14:23:31,903 INFO     ___FILE_ONLY___ ═
2025-01-23 14:23:31,906 INFO     ___FILE_ONLY___ ═
2025-01-23 14:23:31,908 INFO     ___FILE_ONLY___ ═
2025-01-23 14:23:31,910 INFO     ___FILE_ONLY___ ═
2025-01-23 14:23:31,912 INFO     ___FILE_ONLY___ ═
2025-01-23 14:23:31,916 INFO     ___FILE_ONLY___ ═
2025-01-23 14:23:31,920 INFO     ___FILE_ONLY___ ═
2025-01-23 14:23:31,921 INFO     ___FILE_ONLY___ ═
2025-01-23 14:23:31,923 INFO     ___FILE_ONLY___ ═
2025-01-23 14:23:31,926 INFO     ___FILE_ONLY___ ═
2025-01-23 14:23:31,928 INFO     ___FILE_ONLY___ ═
2025-01-23 14:23:31,930 INFO     ___FILE_ONLY___ ═
2025-01-23 14:23:31,933 INFO     ___FILE_ONLY___ ═
2025-01-23 14:23:31,934 INFO     ___FILE_ONLY___ ═
2025-01-23 14:23:31,936 INFO     ___FILE_ONLY___ ═
2025-01-23 14:23:31,938 INFO     ___FILE_ONLY___ ═
2025-01-23 14:23:31,940 INFO     ___FILE_ONLY___ ═
2025-01-23 14:23:31,943 INFO     ___FILE_ONLY___ ═
2025-01-23 14:23:31,945 INFO     ___FILE_ONLY___ ═
2025-01-23 14:23:31,947 INFO     ___FILE_ONLY___ ═
2025-01-23 14:23:31,949 INFO     ___FILE_ONLY___ ═
2025-01-23 14:23:31,951 INFO     ___FILE_ONLY___ ═
2025-01-23 14:23:31,953 INFO     ___FILE_ONLY___ ═
2025-01-23 14:23:31,953 INFO     ___FILE_ONLY___ ╝

2025-01-23 14:23:31,961 INFO     ___FILE_ONLY___ ╔════════════════════════════════════════════════════════════╗

2025-01-23 14:23:31,961 INFO     ___FILE_ONLY___ ╠═ Installing: BigQuery Command Line Tool (Platform Spec... ═╣

2025-01-23 14:23:31,961 INFO     ___FILE_ONLY___ ╚
2025-01-23 14:23:31,962 INFO     ___FILE_ONLY___ ════════════════════════════════════════════════════════════
2025-01-23 14:23:31,962 INFO     ___FILE_ONLY___ ╝

2025-01-23 14:23:31,966 INFO     ___FILE_ONLY___ ╔════════════════════════════════════════════════════════════╗

2025-01-23 14:23:31,966 INFO     ___FILE_ONLY___ ╠═ Installing: Bundled Python 3.11                          ═╣

2025-01-23 14:23:31,966 INFO     ___FILE_ONLY___ ╚
2025-01-23 14:23:31,969 INFO     ___FILE_ONLY___ ════════════════════════════════════════════════════════════
2025-01-23 14:23:31,969 INFO     ___FILE_ONLY___ ╝

2025-01-23 14:23:31,970 INFO     ___FILE_ONLY___ ╔════════════════════════════════════════════════════════════╗

2025-01-23 14:23:31,970 INFO     ___FILE_ONLY___ ╠═ Installing: Bundled Python 3.11 (Platform Specific)      ═╣

2025-01-23 14:23:31,970 INFO     ___FILE_ONLY___ ╚
2025-01-23 14:23:33,902 INFO     ___FILE_ONLY___ ═
2025-01-23 14:23:33,918 INFO     ___FILE_ONLY___ ═
2025-01-23 14:23:33,931 INFO     ___FILE_ONLY___ ═
2025-01-23 14:23:33,944 INFO     ___FILE_ONLY___ ═
2025-01-23 14:23:33,956 INFO     ___FILE_ONLY___ ═
2025-01-23 14:23:33,969 INFO     ___FILE_ONLY___ ═
2025-01-23 14:23:33,983 INFO     ___FILE_ONLY___ ═
2025-01-23 14:23:33,996 INFO     ___FILE_ONLY___ ═
2025-01-23 14:23:34,009 INFO     ___FILE_ONLY___ ═
2025-01-23 14:23:34,022 INFO     ___FILE_ONLY___ ═
2025-01-23 14:23:34,035 INFO     ___FILE_ONLY___ ═
2025-01-23 14:23:34,048 INFO     ___FILE_ONLY___ ═
2025-01-23 14:23:34,061 INFO     ___FILE_ONLY___ ═
2025-01-23 14:23:34,075 INFO     ___FILE_ONLY___ ═
2025-01-23 14:23:34,089 INFO     ___FILE_ONLY___ ═
2025-01-23 14:23:34,103 INFO     ___FILE_ONLY___ ═
2025-01-23 14:23:34,117 INFO     ___FILE_ONLY___ ═
2025-01-23 14:23:34,130 INFO     ___FILE_ONLY___ ═
2025-01-23 14:23:34,143 INFO     ___FILE_ONLY___ ═
2025-01-23 14:23:34,156 INFO     ___FILE_ONLY___ ═
2025-01-23 14:23:34,169 INFO     ___FILE_ONLY___ ═
2025-01-23 14:23:34,183 INFO     ___FILE_ONLY___ ═
2025-01-23 14:23:34,196 INFO     ___FILE_ONLY___ ═
2025-01-23 14:23:34,209 INFO     ___FILE_ONLY___ ═
2025-01-23 14:23:34,223 INFO     ___FILE_ONLY___ ═
2025-01-23 14:23:34,236 INFO     ___FILE_ONLY___ ═
2025-01-23 14:23:34,248 INFO     ___FILE_ONLY___ ═
2025-01-23 14:23:34,261 INFO     ___FILE_ONLY___ ═
2025-01-23 14:23:34,274 INFO     ___FILE_ONLY___ ═
2025-01-23 14:23:34,287 INFO     ___FILE_ONLY___ ═
2025-01-23 14:23:34,299 INFO     ___FILE_ONLY___ ═
2025-01-23 14:23:34,312 INFO     ___FILE_ONLY___ ═
2025-01-23 14:23:34,324 INFO     ___FILE_ONLY___ ═
2025-01-23 14:23:34,337 INFO     ___FILE_ONLY___ ═
2025-01-23 14:23:34,350 INFO     ___FILE_ONLY___ ═
2025-01-23 14:23:34,362 INFO     ___FILE_ONLY___ ═
2025-01-23 14:23:35,104 INFO     ___FILE_ONLY___ ═
2025-01-23 14:23:35,130 INFO     ___FILE_ONLY___ ═
2025-01-23 14:23:35,154 INFO     ___FILE_ONLY___ ═
2025-01-23 14:23:35,175 INFO     ___FILE_ONLY___ ═
2025-01-23 14:23:35,196 INFO     ___FILE_ONLY___ ═
2025-01-23 14:23:35,337 INFO     ___FILE_ONLY___ ═
2025-01-23 14:23:35,366 INFO     ___FILE_ONLY___ ═
2025-01-23 14:23:35,385 INFO     ___FILE_ONLY___ ═
2025-01-23 14:23:35,402 INFO     ___FILE_ONLY___ ═
2025-01-23 14:23:35,421 INFO     ___FILE_ONLY___ ═
2025-01-23 14:23:35,450 INFO     ___FILE_ONLY___ ═
2025-01-23 14:23:35,472 INFO     ___FILE_ONLY___ ═
2025-01-23 14:23:35,490 INFO     ___FILE_ONLY___ ═
2025-01-23 14:23:35,506 INFO     ___FILE_ONLY___ ═
2025-01-23 14:23:35,599 INFO     ___FILE_ONLY___ ═
2025-01-23 14:23:35,618 INFO     ___FILE_ONLY___ ═
2025-01-23 14:23:35,638 INFO     ___FILE_ONLY___ ═
2025-01-23 14:23:35,659 INFO     ___FILE_ONLY___ ═
2025-01-23 14:23:35,707 INFO     ___FILE_ONLY___ ═
2025-01-23 14:23:36,086 INFO     ___FILE_ONLY___ ═
2025-01-23 14:23:36,105 INFO     ___FILE_ONLY___ ═
2025-01-23 14:23:36,126 INFO     ___FILE_ONLY___ ═
2025-01-23 14:23:36,144 INFO     ___FILE_ONLY___ ═
2025-01-23 14:23:36,509 INFO     ___FILE_ONLY___ ═
2025-01-23 14:23:36,509 INFO     ___FILE_ONLY___ ╝

2025-01-23 14:23:36,559 INFO     ___FILE_ONLY___ ╔════════════════════════════════════════════════════════════╗

2025-01-23 14:23:36,559 INFO     ___FILE_ONLY___ ╠═ Installing: Cloud Storage Command Line Tool              ═╣

2025-01-23 14:23:36,559 INFO     ___FILE_ONLY___ ╚
2025-01-23 14:23:37,091 INFO     ___FILE_ONLY___ ═
2025-01-23 14:23:37,109 INFO     ___FILE_ONLY___ ═
2025-01-23 14:23:37,130 INFO     ___FILE_ONLY___ ═
2025-01-23 14:23:37,147 INFO     ___FILE_ONLY___ ═
2025-01-23 14:23:37,162 INFO     ___FILE_ONLY___ ═
2025-01-23 14:23:37,175 INFO     ___FILE_ONLY___ ═
2025-01-23 14:23:37,189 INFO     ___FILE_ONLY___ ═
2025-01-23 14:23:37,202 INFO     ___FILE_ONLY___ ═
2025-01-23 14:23:37,216 INFO     ___FILE_ONLY___ ═
2025-01-23 14:23:37,230 INFO     ___FILE_ONLY___ ═
2025-01-23 14:23:37,244 INFO     ___FILE_ONLY___ ═
2025-01-23 14:23:37,257 INFO     ___FILE_ONLY___ ═
2025-01-23 14:23:37,267 INFO     ___FILE_ONLY___ ═
2025-01-23 14:23:37,277 INFO     ___FILE_ONLY___ ═
2025-01-23 14:23:37,287 INFO     ___FILE_ONLY___ ═
2025-01-23 14:23:37,297 INFO     ___FILE_ONLY___ ═
2025-01-23 14:23:37,309 INFO     ___FILE_ONLY___ ═
2025-01-23 14:23:37,320 INFO     ___FILE_ONLY___ ═
2025-01-23 14:23:37,331 INFO     ___FILE_ONLY___ ═
2025-01-23 14:23:37,342 INFO     ___FILE_ONLY___ ═
2025-01-23 14:23:37,355 INFO     ___FILE_ONLY___ ═
2025-01-23 14:23:37,370 INFO     ___FILE_ONLY___ ═
2025-01-23 14:23:37,385 INFO     ___FILE_ONLY___ ═
2025-01-23 14:23:37,395 INFO     ___FILE_ONLY___ ═
2025-01-23 14:23:37,408 INFO     ___FILE_ONLY___ ═
2025-01-23 14:23:37,424 INFO     ___FILE_ONLY___ ═
2025-01-23 14:23:37,442 INFO     ___FILE_ONLY___ ═
2025-01-23 14:23:37,461 INFO     ___FILE_ONLY___ ═
2025-01-23 14:23:37,478 INFO     ___FILE_ONLY___ ═
2025-01-23 14:23:37,499 INFO     ___FILE_ONLY___ ═
2025-01-23 14:23:37,510 INFO     ___FILE_ONLY___ ═
2025-01-23 14:23:37,522 INFO     ___FILE_ONLY___ ═
2025-01-23 14:23:37,540 INFO     ___FILE_ONLY___ ═
2025-01-23 14:23:37,554 INFO     ___FILE_ONLY___ ═
2025-01-23 14:23:37,565 INFO     ___FILE_ONLY___ ═
2025-01-23 14:23:37,575 INFO     ___FILE_ONLY___ ═
2025-01-23 14:23:37,585 INFO     ___FILE_ONLY___ ═
2025-01-23 14:23:37,596 INFO     ___FILE_ONLY___ ═
2025-01-23 14:23:37,607 INFO     ___FILE_ONLY___ ═
2025-01-23 14:23:37,620 INFO     ___FILE_ONLY___ ═
2025-01-23 14:23:37,629 INFO     ___FILE_ONLY___ ═
2025-01-23 14:23:37,643 INFO     ___FILE_ONLY___ ═
2025-01-23 14:23:37,653 INFO     ___FILE_ONLY___ ═
2025-01-23 14:23:37,667 INFO     ___FILE_ONLY___ ═
2025-01-23 14:23:37,684 INFO     ___FILE_ONLY___ ═
2025-01-23 14:23:37,696 INFO     ___FILE_ONLY___ ═
2025-01-23 14:23:37,705 INFO     ___FILE_ONLY___ ═
2025-01-23 14:23:37,717 INFO     ___FILE_ONLY___ ═
2025-01-23 14:23:37,728 INFO     ___FILE_ONLY___ ═
2025-01-23 14:23:37,740 INFO     ___FILE_ONLY___ ═
2025-01-23 14:23:37,757 INFO     ___FILE_ONLY___ ═
2025-01-23 14:23:37,770 INFO     ___FILE_ONLY___ ═
2025-01-23 14:23:37,785 INFO     ___FILE_ONLY___ ═
2025-01-23 14:23:37,799 INFO     ___FILE_ONLY___ ═
2025-01-23 14:23:37,835 INFO     ___FILE_ONLY___ ═
2025-01-23 14:23:37,845 INFO     ___FILE_ONLY___ ═
2025-01-23 14:23:37,855 INFO     ___FILE_ONLY___ ═
2025-01-23 14:23:37,866 INFO     ___FILE_ONLY___ ═
2025-01-23 14:23:37,877 INFO     ___FILE_ONLY___ ═
2025-01-23 14:23:37,892 INFO     ___FILE_ONLY___ ═
2025-01-23 14:23:37,892 INFO     ___FILE_ONLY___ ╝

2025-01-23 14:23:37,922 INFO     ___FILE_ONLY___ ╔════════════════════════════════════════════════════════════╗

2025-01-23 14:23:37,922 INFO     ___FILE_ONLY___ ╠═ Installing: Cloud Storage Command Line Tool (Platform... ═╣

2025-01-23 14:23:37,923 INFO     ___FILE_ONLY___ ╚
2025-01-23 14:23:37,923 INFO     ___FILE_ONLY___ ════════════════════════════════════════════════════════════
2025-01-23 14:23:37,923 INFO     ___FILE_ONLY___ ╝

2025-01-23 14:23:37,927 INFO     ___FILE_ONLY___ ╔════════════════════════════════════════════════════════════╗

2025-01-23 14:23:37,927 INFO     ___FILE_ONLY___ ╠═ Installing: Default set of gcloud commands               ═╣

2025-01-23 14:23:37,928 INFO     ___FILE_ONLY___ ╚
2025-01-23 14:23:37,930 INFO     ___FILE_ONLY___ ════════════════════════════════════════════════════════════
2025-01-23 14:23:37,930 INFO     ___FILE_ONLY___ ╝

2025-01-23 14:23:37,931 INFO     ___FILE_ONLY___ ╔════════════════════════════════════════════════════════════╗

2025-01-23 14:23:37,932 INFO     ___FILE_ONLY___ ╠═ Installing: Google Cloud CLI Core Libraries (Platform... ═╣

2025-01-23 14:23:37,932 INFO     ___FILE_ONLY___ ╚
2025-01-23 14:23:37,932 INFO     ___FILE_ONLY___ ══════════════════════════════
2025-01-23 14:23:37,933 INFO     ___FILE_ONLY___ ══════════════════════════════
2025-01-23 14:23:37,933 INFO     ___FILE_ONLY___ ╝

2025-01-23 14:23:37,937 INFO     ___FILE_ONLY___ ╔════════════════════════════════════════════════════════════╗

2025-01-23 14:23:37,937 INFO     ___FILE_ONLY___ ╠═ Installing: Google Cloud CRC32C Hash Tool                ═╣

2025-01-23 14:23:37,937 INFO     ___FILE_ONLY___ ╚
2025-01-23 14:23:37,939 INFO     ___FILE_ONLY___ ════════════════════════════════════════════════════════════
2025-01-23 14:23:37,939 INFO     ___FILE_ONLY___ ╝

2025-01-23 14:23:37,941 INFO     ___FILE_ONLY___ ╔════════════════════════════════════════════════════════════╗

2025-01-23 14:23:37,941 INFO     ___FILE_ONLY___ ╠═ Installing: Google Cloud CRC32C Hash Tool (Platform S... ═╣

2025-01-23 14:23:37,941 INFO     ___FILE_ONLY___ ╚
2025-01-23 14:23:37,980 INFO     ___FILE_ONLY___ ══════════════════════════════
2025-01-23 14:23:37,983 INFO     ___FILE_ONLY___ ══════════════════════════════
2025-01-23 14:23:37,983 INFO     ___FILE_ONLY___ ╝

2025-01-23 14:23:37,988 INFO     ___FILE_ONLY___ ╔════════════════════════════════════════════════════════════╗

2025-01-23 14:23:37,988 INFO     ___FILE_ONLY___ ╠═ Installing: gcloud cli dependencies (Platform Specific)  ═╣

2025-01-23 14:23:37,989 INFO     ___FILE_ONLY___ ╚
2025-01-23 14:23:37,989 INFO     ___FILE_ONLY___ ════════════════════════════════════════════════════════════
2025-01-23 14:23:37,989 INFO     ___FILE_ONLY___ ╝

2025-01-23 14:23:37,995 DEBUG    root            Updating notification cache...
2025-01-23 14:23:37,995 INFO     ___FILE_ONLY___ 

2025-01-23 14:23:37,997 INFO     ___FILE_ONLY___ Performing post processing steps...
2025-01-23 14:23:37,997 DEBUG    root            Executing command: ['/tools/google-cloud-sdk/bin/gcloud', 'components', 'post-process']
2025-01-23 14:23:47,120 DEBUG    ___FILE_ONLY___ 
2025-01-23 14:23:47,120 DEBUG    ___FILE_ONLY___ 
2025-01-23 14:23:47,331 INFO     ___FILE_ONLY___ 
Update done!


2025-01-23 14:23:47,335 DEBUG    root            Chosen display Format:none
2025-01-23 14:23:47,336 INFO     root            Display format: "none"
